<?xml version="1.0" encoding="UTF-8"?>
<!-- Generated by org.testng.reporters.JUnitReportReporter -->
<testsuite skipped="0" hostname="DESKTOP-M2J8OQ7" name="com.internetbanking.testCase.TC_LoginTest_001" tests="1" failures="0" timestamp="29 Feb 2020 14:49:09 GMT" time="8.410" errors="0">
  <testcase name="loginTest" time="8.410" classname="com.internetbanking.testCase.TC_LoginTest_001"/>
</testsuite> <!-- com.internetbanking.testCase.TC_LoginTest_001 -->
